  Ausgabe.cpp
c:\users\tf\documents\visual studio 2017\projects\firmenverwaltung\firmenverwaltung\firmenverwaltung\ausgabe.h(941): warning C4101: "abt": Unreferenzierte lokale Variable
c:\users\tf\documents\visual studio 2017\projects\firmenverwaltung\firmenverwaltung\firmenverwaltung\ausgabe.h(949): warning C4101: "puffer_1": Unreferenzierte lokale Variable
c:\users\tf\documents\visual studio 2017\projects\firmenverwaltung\firmenverwaltung\firmenverwaltung\ausgabe.h(942): warning C4101: "abtlLtr": Unreferenzierte lokale Variable
c:\users\tf\documents\visual studio 2017\projects\firmenverwaltung\firmenverwaltung\firmenverwaltung\ausgabe.h(940): warning C4101: "ma": Unreferenzierte lokale Variable
c:\users\tf\documents\visual studio 2017\projects\firmenverwaltung\firmenverwaltung\firmenverwaltung\ausgabe.h(948): warning C4101: "puffer": Unreferenzierte lokale Variable
c:\users\tf\documents\visual studio 2017\projects\firmenverwaltung\firmenverwaltung\firmenverwaltung\ausgabe.h(944): warning C4101: "cbf": Unreferenzierte lokale Variable
c:\users\tf\documents\visual studio 2017\projects\firmenverwaltung\firmenverwaltung\firmenverwaltung\ausgabe.h(943): warning C4101: "einstellungen": Unreferenzierte lokale Variable
c:\users\tf\documents\visual studio 2017\projects\firmenverwaltung\firmenverwaltung\firmenverwaltung\ausgabe.h(970): warning C4101: "abt": Unreferenzierte lokale Variable
c:\users\tf\documents\visual studio 2017\projects\firmenverwaltung\firmenverwaltung\firmenverwaltung\ausgabe.h(971): warning C4101: "abtlLtr": Unreferenzierte lokale Variable
c:\users\tf\documents\visual studio 2017\projects\firmenverwaltung\firmenverwaltung\firmenverwaltung\ausgabe.h(969): warning C4101: "ma": Unreferenzierte lokale Variable
c:\users\tf\documents\visual studio 2017\projects\firmenverwaltung\firmenverwaltung\firmenverwaltung\ausgabe.h(973): warning C4101: "cbf": Unreferenzierte lokale Variable
c:\users\tf\documents\visual studio 2017\projects\firmenverwaltung\firmenverwaltung\firmenverwaltung\ausgabe.h(972): warning C4101: "einstellungen": Unreferenzierte lokale Variable
c:\users\tf\documents\visual studio 2017\projects\firmenverwaltung\firmenverwaltung\firmenverwaltung\ausgabe.h(986): warning C4101: "abt": Unreferenzierte lokale Variable
c:\users\tf\documents\visual studio 2017\projects\firmenverwaltung\firmenverwaltung\firmenverwaltung\ausgabe.h(987): warning C4101: "abtlLtr": Unreferenzierte lokale Variable
c:\users\tf\documents\visual studio 2017\projects\firmenverwaltung\firmenverwaltung\firmenverwaltung\ausgabe.h(985): warning C4101: "ma": Unreferenzierte lokale Variable
c:\users\tf\documents\visual studio 2017\projects\firmenverwaltung\firmenverwaltung\firmenverwaltung\ausgabe.h(989): warning C4101: "cbf": Unreferenzierte lokale Variable
c:\users\tf\documents\visual studio 2017\projects\firmenverwaltung\firmenverwaltung\firmenverwaltung\ausgabe.h(988): warning C4101: "einstellungen": Unreferenzierte lokale Variable
c:\users\tf\documents\visual studio 2017\projects\firmenverwaltung\firmenverwaltung\firmenverwaltung\ausgabe.h(1004): warning C4101: "ind": Unreferenzierte lokale Variable
  Hauptmenue.cpp
c:\users\tf\documents\visual studio 2017\projects\firmenverwaltung\firmenverwaltung\firmenverwaltung\ausgabe.h(941): warning C4101: "abt": Unreferenzierte lokale Variable
c:\users\tf\documents\visual studio 2017\projects\firmenverwaltung\firmenverwaltung\firmenverwaltung\ausgabe.h(949): warning C4101: "puffer_1": Unreferenzierte lokale Variable
c:\users\tf\documents\visual studio 2017\projects\firmenverwaltung\firmenverwaltung\firmenverwaltung\ausgabe.h(942): warning C4101: "abtlLtr": Unreferenzierte lokale Variable
c:\users\tf\documents\visual studio 2017\projects\firmenverwaltung\firmenverwaltung\firmenverwaltung\ausgabe.h(940): warning C4101: "ma": Unreferenzierte lokale Variable
c:\users\tf\documents\visual studio 2017\projects\firmenverwaltung\firmenverwaltung\firmenverwaltung\ausgabe.h(948): warning C4101: "puffer": Unreferenzierte lokale Variable
c:\users\tf\documents\visual studio 2017\projects\firmenverwaltung\firmenverwaltung\firmenverwaltung\ausgabe.h(944): warning C4101: "cbf": Unreferenzierte lokale Variable
c:\users\tf\documents\visual studio 2017\projects\firmenverwaltung\firmenverwaltung\firmenverwaltung\ausgabe.h(943): warning C4101: "einstellungen": Unreferenzierte lokale Variable
c:\users\tf\documents\visual studio 2017\projects\firmenverwaltung\firmenverwaltung\firmenverwaltung\ausgabe.h(970): warning C4101: "abt": Unreferenzierte lokale Variable
c:\users\tf\documents\visual studio 2017\projects\firmenverwaltung\firmenverwaltung\firmenverwaltung\ausgabe.h(971): warning C4101: "abtlLtr": Unreferenzierte lokale Variable
c:\users\tf\documents\visual studio 2017\projects\firmenverwaltung\firmenverwaltung\firmenverwaltung\ausgabe.h(969): warning C4101: "ma": Unreferenzierte lokale Variable
c:\users\tf\documents\visual studio 2017\projects\firmenverwaltung\firmenverwaltung\firmenverwaltung\ausgabe.h(973): warning C4101: "cbf": Unreferenzierte lokale Variable
c:\users\tf\documents\visual studio 2017\projects\firmenverwaltung\firmenverwaltung\firmenverwaltung\ausgabe.h(972): warning C4101: "einstellungen": Unreferenzierte lokale Variable
c:\users\tf\documents\visual studio 2017\projects\firmenverwaltung\firmenverwaltung\firmenverwaltung\ausgabe.h(986): warning C4101: "abt": Unreferenzierte lokale Variable
c:\users\tf\documents\visual studio 2017\projects\firmenverwaltung\firmenverwaltung\firmenverwaltung\ausgabe.h(987): warning C4101: "abtlLtr": Unreferenzierte lokale Variable
c:\users\tf\documents\visual studio 2017\projects\firmenverwaltung\firmenverwaltung\firmenverwaltung\ausgabe.h(985): warning C4101: "ma": Unreferenzierte lokale Variable
c:\users\tf\documents\visual studio 2017\projects\firmenverwaltung\firmenverwaltung\firmenverwaltung\ausgabe.h(989): warning C4101: "cbf": Unreferenzierte lokale Variable
c:\users\tf\documents\visual studio 2017\projects\firmenverwaltung\firmenverwaltung\firmenverwaltung\ausgabe.h(988): warning C4101: "einstellungen": Unreferenzierte lokale Variable
c:\users\tf\documents\visual studio 2017\projects\firmenverwaltung\firmenverwaltung\firmenverwaltung\ausgabe.h(1004): warning C4101: "ind": Unreferenzierte lokale Variable
c:\users\tf\documents\visual studio 2017\projects\firmenverwaltung\firmenverwaltung\firmenverwaltung\hauptmenue.cpp(8): warning C4829: Möglicherweise falsche Parameter für Main-Funktion. Verwenden Sie eventuell "int main(Platform::Array<Platform::String^>^ args)".
  Strukturen.cpp
c:\users\tf\documents\visual studio 2017\projects\firmenverwaltung\firmenverwaltung\firmenverwaltung\strukturen.cpp(16): warning C4996: 'fopen': This function or variable may be unsafe. Consider using fopen_s instead. To disable deprecation, use _CRT_SECURE_NO_WARNINGS. See online help for details.
  c:\program files (x86)\windows kits\10\include\10.0.17134.0\ucrt\stdio.h(208): note: Siehe Deklaration von "fopen"
c:\users\tf\documents\visual studio 2017\projects\firmenverwaltung\firmenverwaltung\firmenverwaltung\strukturen.cpp(81): warning C4996: 'fopen': This function or variable may be unsafe. Consider using fopen_s instead. To disable deprecation, use _CRT_SECURE_NO_WARNINGS. See online help for details.
  c:\program files (x86)\windows kits\10\include\10.0.17134.0\ucrt\stdio.h(208): note: Siehe Deklaration von "fopen"
c:\users\tf\documents\visual studio 2017\projects\firmenverwaltung\firmenverwaltung\firmenverwaltung\strukturen.cpp(130): warning C4996: 'fopen': This function or variable may be unsafe. Consider using fopen_s instead. To disable deprecation, use _CRT_SECURE_NO_WARNINGS. See online help for details.
  c:\program files (x86)\windows kits\10\include\10.0.17134.0\ucrt\stdio.h(208): note: Siehe Deklaration von "fopen"
c:\users\tf\documents\visual studio 2017\projects\firmenverwaltung\firmenverwaltung\firmenverwaltung\strukturen.cpp(239): warning C4996: 'fopen': This function or variable may be unsafe. Consider using fopen_s instead. To disable deprecation, use _CRT_SECURE_NO_WARNINGS. See online help for details.
  c:\program files (x86)\windows kits\10\include\10.0.17134.0\ucrt\stdio.h(208): note: Siehe Deklaration von "fopen"
c:\users\tf\documents\visual studio 2017\projects\firmenverwaltung\firmenverwaltung\firmenverwaltung\strukturen.cpp(256): warning C4996: 'fopen': This function or variable may be unsafe. Consider using fopen_s instead. To disable deprecation, use _CRT_SECURE_NO_WARNINGS. See online help for details.
  c:\program files (x86)\windows kits\10\include\10.0.17134.0\ucrt\stdio.h(208): note: Siehe Deklaration von "fopen"
c:\users\tf\documents\visual studio 2017\projects\firmenverwaltung\firmenverwaltung\firmenverwaltung\strukturen.cpp(268): warning C4996: 'fopen': This function or variable may be unsafe. Consider using fopen_s instead. To disable deprecation, use _CRT_SECURE_NO_WARNINGS. See online help for details.
  c:\program files (x86)\windows kits\10\include\10.0.17134.0\ucrt\stdio.h(208): note: Siehe Deklaration von "fopen"
c:\users\tf\documents\visual studio 2017\projects\firmenverwaltung\firmenverwaltung\firmenverwaltung\strukturen.cpp(304): warning C4996: 'strcpy': This function or variable may be unsafe. Consider using strcpy_s instead. To disable deprecation, use _CRT_SECURE_NO_WARNINGS. See online help for details.
  c:\program files (x86)\windows kits\10\include\10.0.17134.0\ucrt\string.h(133): note: Siehe Deklaration von "strcpy"
c:\users\tf\documents\visual studio 2017\projects\firmenverwaltung\firmenverwaltung\firmenverwaltung\strukturen.cpp(305): warning C4996: 'strcpy': This function or variable may be unsafe. Consider using strcpy_s instead. To disable deprecation, use _CRT_SECURE_NO_WARNINGS. See online help for details.
  c:\program files (x86)\windows kits\10\include\10.0.17134.0\ucrt\string.h(133): note: Siehe Deklaration von "strcpy"
c:\users\tf\documents\visual studio 2017\projects\firmenverwaltung\firmenverwaltung\firmenverwaltung\strukturen.cpp(310): warning C4996: 'strcpy': This function or variable may be unsafe. Consider using strcpy_s instead. To disable deprecation, use _CRT_SECURE_NO_WARNINGS. See online help for details.
  c:\program files (x86)\windows kits\10\include\10.0.17134.0\ucrt\string.h(133): note: Siehe Deklaration von "strcpy"
c:\users\tf\documents\visual studio 2017\projects\firmenverwaltung\firmenverwaltung\firmenverwaltung\strukturen.cpp(311): warning C4996: 'strcpy': This function or variable may be unsafe. Consider using strcpy_s instead. To disable deprecation, use _CRT_SECURE_NO_WARNINGS. See online help for details.
  c:\program files (x86)\windows kits\10\include\10.0.17134.0\ucrt\string.h(133): note: Siehe Deklaration von "strcpy"
c:\users\tf\documents\visual studio 2017\projects\firmenverwaltung\firmenverwaltung\firmenverwaltung\strukturen.cpp(316): warning C4996: 'strcpy': This function or variable may be unsafe. Consider using strcpy_s instead. To disable deprecation, use _CRT_SECURE_NO_WARNINGS. See online help for details.
  c:\program files (x86)\windows kits\10\include\10.0.17134.0\ucrt\string.h(133): note: Siehe Deklaration von "strcpy"
c:\users\tf\documents\visual studio 2017\projects\firmenverwaltung\firmenverwaltung\firmenverwaltung\strukturen.cpp(317): warning C4996: 'strcpy': This function or variable may be unsafe. Consider using strcpy_s instead. To disable deprecation, use _CRT_SECURE_NO_WARNINGS. See online help for details.
  c:\program files (x86)\windows kits\10\include\10.0.17134.0\ucrt\string.h(133): note: Siehe Deklaration von "strcpy"
  Code wird generiert...
  Aendern.obj : MSIL-Modulgefunden; inkrementelles Verknüpfen wird für MSIL deaktiviert; vollständiger Link wird durchgeführt
  Firmenverwaltung.vcxproj -> C:\Users\tf\Documents\Visual Studio 2017\Projects\Firmenverwaltung\Firmenverwaltung\Debug\Firmenverwaltung.exe
