c:\users\tf\documents\visual studio 2017\projects\firmenverwaltung\firmenverwaltung\firmenverwaltung\debug\vc141.pdb
c:\users\tf\documents\visual studio 2017\projects\firmenverwaltung\firmenverwaltung\firmenverwaltung\debug\suchen.obj
c:\users\tf\documents\visual studio 2017\projects\firmenverwaltung\firmenverwaltung\firmenverwaltung\debug\strukturen.obj
c:\users\tf\documents\visual studio 2017\projects\firmenverwaltung\firmenverwaltung\firmenverwaltung\debug\neuereintrag.obj
c:\users\tf\documents\visual studio 2017\projects\firmenverwaltung\firmenverwaltung\firmenverwaltung\debug\hauptmenue.obj
c:\users\tf\documents\visual studio 2017\projects\firmenverwaltung\firmenverwaltung\firmenverwaltung\debug\ausgabe.obj
c:\users\tf\documents\visual studio 2017\projects\firmenverwaltung\firmenverwaltung\firmenverwaltung\debug\aendern.obj
c:\users\tf\documents\visual studio 2017\projects\firmenverwaltung\firmenverwaltung\firmenverwaltung\debug\.netframework,version=v4.6.1.assemblyattributes.obj
c:\users\tf\documents\visual studio 2017\projects\firmenverwaltung\firmenverwaltung\firmenverwaltung\debug\.netframework,version=v4.6.1.assemblyattributes.asm
c:\users\tf\documents\visual studio 2017\projects\firmenverwaltung\firmenverwaltung\firmenverwaltung\debug\firmenverwaltung.hauptmenue.resources
c:\users\tf\documents\visual studio 2017\projects\firmenverwaltung\firmenverwaltung\firmenverwaltung\debug\firmenverwaltung.aendern.resources
c:\users\tf\documents\visual studio 2017\projects\firmenverwaltung\firmenverwaltung\debug\firmenverwaltung.exe
c:\users\tf\documents\visual studio 2017\projects\firmenverwaltung\firmenverwaltung\debug\firmenverwaltung.pdb
c:\users\tf\documents\visual studio 2017\projects\firmenverwaltung\firmenverwaltung\firmenverwaltung\debug\firmenverwaltung.vcxproj.generateresource.cache
c:\users\tf\documents\visual studio 2017\projects\firmenverwaltung\firmenverwaltung\firmenverwaltung\debug\firmenverwaltung.vcxprojassemblyreference.cache
c:\users\tf\documents\visual studio 2017\projects\firmenverwaltung\firmenverwaltung\firmenverwaltung\debug\firmenverwaltung.tlog\cl.command.1.tlog
c:\users\tf\documents\visual studio 2017\projects\firmenverwaltung\firmenverwaltung\firmenverwaltung\debug\firmenverwaltung.tlog\cl.read.1.tlog
c:\users\tf\documents\visual studio 2017\projects\firmenverwaltung\firmenverwaltung\firmenverwaltung\debug\firmenverwaltung.tlog\cl.write.1.tlog
c:\users\tf\documents\visual studio 2017\projects\firmenverwaltung\firmenverwaltung\firmenverwaltung\debug\firmenverwaltung.tlog\firmenverwaltung.write.1u.tlog
c:\users\tf\documents\visual studio 2017\projects\firmenverwaltung\firmenverwaltung\firmenverwaltung\debug\firmenverwaltung.tlog\link.command.1.tlog
c:\users\tf\documents\visual studio 2017\projects\firmenverwaltung\firmenverwaltung\firmenverwaltung\debug\firmenverwaltung.tlog\link.read.1.tlog
c:\users\tf\documents\visual studio 2017\projects\firmenverwaltung\firmenverwaltung\firmenverwaltung\debug\firmenverwaltung.tlog\link.write.1.tlog
c:\users\tf\documents\visual studio 2017\projects\firmenverwaltung\firmenverwaltung\firmenverwaltung\debug\firmenverwaltung.tlog\metagen.read.1.tlog
c:\users\tf\documents\visual studio 2017\projects\firmenverwaltung\firmenverwaltung\firmenverwaltung\debug\firmenverwaltung.tlog\metagen.write.1.tlog
